getting game board...
Game UUID: 45f45f48-b81a-4edd-992f-51f5a5dbe3ec
15	20	43	49	69	
12	25	37	50	71	
8	29	-	55	68	
1	28	35	46	66	
14	24	32	54	75	

[2]

[3]
NUM = 46 - ✅
TAP 46 (535.0, 727.5)

[4]
NUM = 46

[5]
NUM = 46

[6]
NUM = 46

[7]

[8]

[9]
NUM = 8 - ✅
TAP 8 (175.0, 607.5)

[10]
NUM = 8

[11]
NUM = 8

[12]
NUM = 8
TAP P1 PICKA (380.0, 960.0)
SLEPT FOR .5
TAP picka-select 75 (635.0, 550.0)
SLEPT FOR .3

[13]

[14]

[15]

[16]

[17]
NUM = 75 - ✅
TAP 75 (655.0, 847.5)

[18]
NUM = 20 - ✅
TAP 20 (295.0, 367.5)

[19]
NUM = 20

[20]
NUM = 20

[21]
NUM = 20
TAP P1 PICKA (380.0, 960.0)
SLEPT FOR .5
TAP picka-select 69 (342.5, 550.0)
SLEPT FOR .3

[22]

[23]

[24]

[25]

[26]

[27]
NUM = 69 - ✅
TAP 69 (655.0, 367.5)

[28]
NUM = 12 - ✅
TAP 12 (175.0, 487.5)

[29]
NUM = 12

[30]
NUM = 12

[31]
NUM = 12
TAP P1 STAR (380.0, 960.0)
STAR 15 -- (0, 0)
TAP 15 (175.0, 367.5)

[32]
NUM = 68 - ✅
TAP 68 (655.0, 607.5)

[33]
NUM = 68

[34]
NUM = 68

[35]

[36]

[37]

[38]

[39]

[40]

[41]

[42]

[43]
NUM = 28 - ✅
TAP 28 (295.0, 727.5)

[44]
NUM = 28

[45]
NUM = 28

[46]
TAP P1 PICKA (380.0, 960.0)
SLEPT FOR .5
TAP picka-select 43 (342.5, 815.0)
SLEPT FOR .3

[47]

[48]

[49]

[50]

[51]

[52]
NUM = 43 - ✅
TAP 43 (415.0, 367.5)

[53]
NUM = 39

[54]
NUM = 39

[55]
NUM = 39

[56]
NUM = 39

[57]

[58]

[59]

[60]

[61]

[62]

[63]

[64]

[65]

[66]
NUM = 54 - ✅
TAP 54 (535.0, 847.5)

[67]
NUM = 54

[68]
NUM = 54

[69]
NUM = 54
TAP P1 PICKA (380.0, 960.0)
SLEPT FOR .5
TAP picka-select 14 (635.0, 815.0)
SLEPT FOR .3

[70]

[71]

[72]

[73]

[74]

[75]
NUM = 14 - ✅
TAP 14 (175.0, 847.5)
TAP BINGO (610.0, 965.0)

[76]
NUM = 52

[77]
NUM = 52

[78]
NUM = 52

[79]

[80]
NUM = 65

[81]
NUM = 65

[82]
NUM = 65

[83]
NUM = 65

[84]

[85]

[86]
NUM = 35 - ✅
TAP 35 (415.0, 727.5)

[87]
NUM = 35

[88]
NUM = 35

[89]
NUM = 35
TAP P1 STAR (380.0, 960.0)
STAR 1 -- (0, 3)
TAP 1 (175.0, 727.5)
TAP BINGO (610.0, 965.0)

[90]
NUM = 42

[91]
NUM = 42

[92]
NUM = 42

[93]
NUM = 42

[94]

[95]
NUM = 61

[96]
NUM = 61

[97]
NUM = 61

[98]
NUM = 61

[99]
NUM = 61

[100]

[101]

[102]
NUM = 19

[103]
NUM = 19

[104]
NUM = 19

[105]
NUM = 19

[106]
NUM = 19

[107]

[108]
NUM = 37 - ✅
TAP 37 (415.0, 487.5)

[109]
NUM = 37

[110]
NUM = 37

[111]
NUM = 37

[112]

[113]

[114]
NUM = 41

[115]
NUM = 41

[116]
NUM = 41

[117]
NUM = 41

[118]
NUM = 41

[119]

[120]
NUM = 53

[121]
NUM = 53

[122]
NUM = 53

[123]
NUM = 53

[124]
NUM = 53

[125]

[126]
NUM = 71 - ✅
TAP 71 (655.0, 487.5)

[127]
NUM = 71

[128]
NUM = 71

[129]
NUM = 71
TAP P1 TIME (380.0, 960.0)

[130]

[131]
NUM = 32 - ✅
TAP 32 (415.0, 847.5)
TAP BINGO (610.0, 965.0)

[132]
NUM = 32

[133]
NUM = 32

[134]
NUM = 32

[135]

[136]
NUM = 57

[137]
NUM = 57

[138]
NUM = 57

[139]
NUM = 57

[140]
NUM = 57

[141]

[142]
NUM = 15

[143]
NUM = 15

[144]
NUM = 15

[145]
NUM = 15

[146]
NUM = 15

[147]

[148]
NUM = 55 - ✅
TAP 55 (535.0, 607.5)

[149]
NUM = 55

[150]
NUM = 55

[151]
NUM = 55
TAP P1 TIME (380.0, 960.0)

[152]

[153]
NUM = 27

[154]
NUM = 27

[155]
NUM = 27

[156]
NUM = 27

[157]
NUM = 27

[158]

[159]
NUM = 1

[160]
NUM = 1

[161]
NUM = 1

[162]
NUM = 1

[163]
NUM = 1

[164]

[165]
NUM = 58

[166]
NUM = 58

[167]
NUM = 58

[168]
NUM = 58

[169]
NUM = 58

[170]

[171]
NUM = 38

[172]
NUM = 38

[173]
NUM = 38

[174]
NUM = 38

[175]
NUM = 38

[176]

[177]
NUM = 7

[178]
NUM = 7

[179]
NUM = 7

[180]
NUM = 7

[181]
NUM = 7

[182]

[183]

[184]
NUM = 50 - ✅
TAP 50 (535.0, 487.5)
TAP BINGO (610.0, 965.0)

[185]
NUM = 50

[186]
NUM = 50

[187]
NUM = 50

[188]
NUM = 67

[189]
NUM = 67

[190]
NUM = 67

[191]
NUM = 67

[192]
NUM = 67

[193]

[194]
NUM = 21

[195]
NUM = 21

[196]
NUM = 21

[197]
NUM = 21

[198]
NUM = 21

[199]

[200]
NUM = 49 - ✅
TAP 49 (535.0, 367.5)
TAP BINGO (610.0, 965.0)

[201]
NUM = 49

[202]
NUM = 49
TAP P1 PICKA (380.0, 960.0)
SLEPT FOR .5
TAP picka-select 66 (635.0, 550.0)
SLEPT FOR .3

[203]

[204]

[205]

[206]

[207]

[208]
NUM = 66 - ✅
TAP 66 (655.0, 727.5)
TAP BINGO (610.0, 965.0)

[209]

[210]

[211]

[212]

[213]

[214]

[215]

[216]

[217]
NUM = 70

[218]
NUM = 70

[219]
NUM = 70

[220]
NUM = 70

[221]
NUM = 70

[222]

[223]
NUM = 56

[224]
NUM = 56

[225]
NUM = 56

[226]
NUM = 56

[227]
NUM = 56

[228]
NUM = 24 - ✅
TAP 24 (295.0, 847.5)
TAP BINGO (610.0, 965.0)

[229]
NUM = 24

[230]
NUM = 24
TAP P1 PICKA (380.0, 960.0)
SLEPT FOR .5
